<?xml version="1.0" encoding="utf-8" standalone="no"?>
<test-results xmlns:xsi="http://www.w3.org/2001/XMLSchema-instance" xsi:noNamespaceSchemaLocation="nunit_schema_2.5.xsd" name="Pester" total="3" errors="0" failures="0" not-run="0" inconclusive="0" ignored="0" skipped="0" invalid="0" date="2026-04-11" time="23:09:13">
  <environment nunit-version="2.5.8.0" os-version="6.6.87.2-microsoft-standard-WSL2" user="umeno" machine-name="DESKTOP-5V2BIHS" user-domain="" clr-version="10.0.5" platform="Linux" cwd="/home/umeno/src/github.com/9renpoto/homelabs" />
  <culture-info current-culture="en-US" current-uiculture="en-US" />
  <test-suite type="TestFixture" name="Pester" executed="True" result="Success" success="True" time="1.15" asserts="0" description="Pester">
    <results>
      <test-suite type="TestFixture" name="/home/umeno/src/github.com/9renpoto/homelabs/infra/hyperv/New-OpenClawK3sVm.Tests.ps1" executed="True" result="Success" success="True" time="1.15" asserts="0" description="/home/umeno/src/github.com/9renpoto/homelabs/infra/hyperv/New-OpenClawK3sVm.Tests.ps1">
        <results>
          <test-suite type="TestFixture" name="New-OpenClawK3sVm" executed="True" result="Success" success="True" time="0.8658" asserts="0" description="New-OpenClawK3sVm">
            <results>
              <test-case description="throws when the VM already exists" name="New-OpenClawK3sVm.throws when the VM already exists" time="0.418" asserts="0" success="True" result="Success" executed="True" />
              <test-case description="throws when the ISO path does not exist" name="New-OpenClawK3sVm.throws when the ISO path does not exist" time="0.1117" asserts="0" success="True" result="Success" executed="True" />
              <test-case description="creates and configures a new VM with the requested settings" name="New-OpenClawK3sVm.creates and configures a new VM with the requested settings" time="0.3082" asserts="0" success="True" result="Success" executed="True" />
            </results>
          </test-suite>
        </results>
      </test-suite>
    </results>
  </test-suite>
</test-results>